2026-06-09 12:40:52	session-close	START	—	—
2026-06-09 15:00:31	implement	START	—	—
2026-06-09 15:12:55	plan-commit	START	—	—
2026-06-09 15:14:38	plan-commit	END	completed	S1 commit 6263eba, plan synced, 11 fixes across 2 phases
2026-06-09 15:15:20	implement	START	—	—
2026-06-09 15:22:48	implement	END	completed	Phase 1 (8816f12) + Phase 2 (bd78354), all 11 fixes, 384 tests
2026-06-09 15:23:10	checkpoint	START	—	—
2026-06-09 15:26:07	checkpoint	END	completed	11/11 PASS, 384 tests, 20/20 doctor, session report generated
2026-06-09 15:26:29	session-close	START	—	—
2026-06-09 15:27:38	session-close	END	completed	S4 5fc565b, 12 commits, 384 tests, 1 residual deferred
2026-06-09 15:28:07	session-open	START	—	—
2026-06-09 15:28:40	session-open	END	completed	New session, S4 5fc565b, 1 residual carried forward
2026-06-09 15:30:57	plan-commit	START	—	—
2026-06-09 15:31:51	plan-commit	END	completed	S1 dd66395, 1 residual addressing
2026-06-09 15:32:20	implement	START	—	—
2026-06-09 15:34:25	implement	END	completed	S2 6616ea0, env vars centralized, 384 tests
2026-06-09 15:35:00	checkpoint	START	—	—
2026-06-09 15:36:45	checkpoint	END	completed	2/2 PASS, 384 tests, 0 residuals
2026-06-09 15:37:33	session-close	START	—	—
2026-06-09 15:38:57	session-close	END	completed	S4 ccac373, 0 residuals, clean ledger
2026-06-09 15:43:24	session-open	START	—	—
2026-06-09 15:44:14	session-open	END	completed	New session, S4 ccac373, 0 residuals, clean slate
2026-06-09 15:48:17	plan-commit	START	—	—
2026-06-09 15:50:24	plan-commit	END	completed	S1 1cc326f, 0 prior residuals
2026-06-09 15:51:00	implement	START	—	—
2026-06-09 15:54:27	implement	END	completed	S2 5f7b1ef, 390 tests, env precedence fixed
2026-06-09 15:55:09	checkpoint	START	—	—
2026-06-09 15:56:32	checkpoint	END	completed	3/3 PASS, 390 tests, 0 residuals
2026-06-09 15:57:01	session-close	START	—	—
2026-06-09 15:58:35	session-close	END	completed	S4 bb6de28, 390 tests, 0 residuals
2026-06-09 16:00:43	session-open	START	—	—
2026-06-09 16:01:16	session-open	END	completed	New session, S4 bb6de28, 0 residuals, clean slate
2026-06-09 16:07:36	plan-commit	START	—	—
2026-06-09 16:09:43	plan-commit	END	completed	S1 e61d0b1, 0 prior residuals, 6 doc files planned
2026-06-09 16:22:24	plan-commit	START	—	—
2026-06-09 16:23:23	plan-commit	END	completed	S1 450b8ac, 0 residuals, 8 items 12 files
2026-06-09 16:24:18	implement	START	—	—
2026-06-09 16:32:45	implement	END	completed	S2 b3226f3, 12 files, 390 tests, all 8 items
2026-06-09 16:33:33	checkpoint	START	—	—
2026-06-09 16:35:56	checkpoint	END	completed	8/8 PASS, 390 tests, 0 residuals, docs-only
2026-06-09 16:36:54	session-close	START	—	—
2026-06-09 16:38:12	session-close	END	completed	S4 2bbb9a9, docs-only, 0 residuals
2026-06-09 16:55:58	plan-commit	START	—	—
2026-06-09 16:58:57	plan-commit	END	completed	Plan synced, committed 1a97271, pushed. 13 findings, 0 prior residuals.
2026-06-09 17:11:48	plan-commit	START	—	—
2026-06-09 17:13:13	plan-commit	END	completed	Plan expanded to 15 items, committed 1b6539f, pushed. Added doc consolidation + sync pass.
2026-06-09 17:14:11	implement	START	—	—
2026-06-09 17:17:34	implement	END	completed	Item 1: Cypher injection defense hardened in neo4j_store.py. bbf9fc5
2026-06-09 17:19:56	implement	START	—	—
2026-06-09 17:23:09	implement	END	completed	Item 2: Neo4j unscoped entity visibility — 5 queries fixed. 0634851
2026-06-09 17:23:37	implement	START	—	—
2026-06-09 17:27:06	implement	END	completed	Item 3: Relation type constants consolidated into config.py. 233880f
2026-06-09 17:27:40	implement	START	—	—
2026-06-09 17:29:25	implement	END	completed	Item 4: tags.py type default fixed to semantic. 03dec29
2026-06-09 17:30:31	implement	START	—	—
2026-06-09 17:34:16	implement	END	completed	Items 5+10: Hook exit 2 on dual failure, stderr unsuppressed. 9e2e313
2026-06-09 17:39:08	implement	START	—	—
2026-06-09 17:43:06	implement	END	completed	Item 6: requires-python bumped to >=3.11 for tomllib. 2a9cacb
2026-06-09 17:43:31	implement	START	—	—
2026-06-09 17:49:18	implement	END	completed	Items 7+13: Scoring deduplication via precomputed_relevance + _searchable_text. 4ac85fb
2026-06-09 17:51:13	implement	START	—	—
2026-06-09 17:57:45	implement	END	completed	Item 8: schema and filepath immutable in upsert. 7757856
2026-06-09 17:58:18	implement	START	—	—
2026-06-09 18:01:32	implement	END	completed	Item 9: _derive_project validates kebab-case segments. 4d784a3
2026-06-09 18:01:52	implement	START	—	—
2026-06-09 18:04:43	implement	END	completed	Item 11: Removed dead imports os and discover_memory_files from tags.py. 70b8f5b
2026-06-09 18:14:36	implement	START	—	—
2026-06-09 18:16:57	implement	END	completed	Item 12: F2 removed from schema.md validation rules, documented as not implemented. 19e6faf
2026-06-09 18:17:52	implement	START	—	—
2026-06-09 18:20:14	implement	END	completed	Item 14: Consolidated 3 plan docs into plan-hierarchy-and-inheritance.md. 3038cb4
2026-06-09 18:20:45	implement	START	—	—
2026-06-09 18:24:01	implement	END	completed	Item 15: Final doc sync — 6 files, all stale counts updated. 710dc70. ALL ITEMS COMPLETE.
2026-06-09 18:24:17	checkpoint	START	—	—
2026-06-09 18:27:55	checkpoint	END	completed	15/15 PASS, 390 tests, 1 residual (Neo4j max_depth). 23d474b
2026-06-09 18:28:27	session-close	START	—	—
2026-06-09 18:30:05	session-close	END	completed	Unit 98cf53f. 16 commits, 390 tests, 1 residual deferred.
2026-06-09 18:30:29	session-open	START	—	—
2026-06-09 18:31:06	session-open	END	completed	New session. Last S4: 98cf53f. 1 residual carried. No pending work.
2026-06-09 18:48:16	plan-commit	START	—	—
2026-06-09 18:52:13	plan-commit	END	completed	Plan committed c68525d, pushed. 9 items, 1 residual deferred.
2026-06-09 18:53:14	implement	START	—	—
2026-06-09 18:58:17	implement	END	completed	Item 1: hierarchy-and-inheritance.md reference doc created (420 lines). 4a569d8
2026-06-09 19:00:47	implement	START	—	—
2026-06-09 19:02:41	implement	END	completed	Item 2: Plan doc moved to docs/plans/. 7ab18ef
2026-06-09 19:03:05	implement	START	—	—
2026-06-09 19:04:42	implement	END	completed	Item 3: Doctor Python version check aligned to 3.11. fe39afe
2026-06-09 19:05:16	implement	START	—	—
2026-06-09 19:06:47	implement	END	completed	Item 4: Doctor counts fixed 18→20 in tech-ref and impl-guide. 760381c
2026-06-09 19:07:06	implement	START	—	—
2026-06-09 19:09:27	implement	END	completed	Item 5: Phantom memory/user/ path removed from schema.md. aad052a
2026-06-09 19:10:25	implement	START	—	—
2026-06-09 19:12:30	implement	END	completed	Item 6: Working memory importance fixed 8-10→10. b510d4e
2026-06-09 19:13:08	implement	START	—	—
2026-06-09 19:15:27	implement	END	completed	Item 7: Scoring bonuses documented in schema, rules, template. 95dfb1c
2026-06-09 19:15:49	implement	START	—	—
2026-06-09 19:18:09	implement	END	completed	Item 8: Cross-references added to 4 docs. d175037
2026-06-09 19:19:20	implement	START	—	—
2026-06-09 19:21:41	implement	END	completed	Item 9: CHANGELOG updated, template sync verified. 8302dd6. ALL ITEMS COMPLETE.
2026-06-09 19:22:03	checkpoint	START	—	—
